
Showing logs for build [32mhgautam-pipelineapp-feature-pdbx2-1[0m stage [32mrelease[0m and container [32mstep-credential-initializer-n6dsd[0m
{"level":"info","ts":1593673899.2312036,"logger":"fallback-logger","caller":"logging/config.go:69","msg":"Fetch GitHub commit ID from kodata failed: open /var/run/ko/refs/heads/0.8.0-ns-support: no such file or directory"}
{"level":"info","ts":1593673899.231934,"logger":"fallback-logger","caller":"creds-init/main.go:40","msg":"Credentials initialized."}

Showing logs for build [32mhgautam-pipelineapp-feature-pdbx2-1[0m stage [32mrelease[0m and container [32mstep-working-dir-initializer-jx6m8[0m
{"level":"info","ts":1593673900.6663964,"logger":"fallback-logger","caller":"logging/config.go:69","msg":"Fetch GitHub commit ID from kodata failed: open /var/run/ko/HEAD: no such file or directory"}
{"level":"info","ts":1593673900.668678,"logger":"fallback-logger","caller":"bash/main.go:64","msg":"Successfully executed command \"sh -c mkdir -p /workspace/source\"; output "}

Showing logs for build [32mhgautam-pipelineapp-feature-pdbx2-1[0m stage [32mrelease[0m and container [32mstep-place-tools[0m

Showing logs for build [32mhgautam-pipelineapp-feature-pdbx2-1[0m stage [32mrelease[0m and container [32mstep-git-source-hgautam-pipelineapp-feature-pdbx2-ks9z7[0m
{"level":"info","ts":1593673906.73589,"logger":"fallback-logger","caller":"logging/config.go:69","msg":"Fetch GitHub commit ID from kodata failed: open /var/run/ko/refs/heads/0.8.0-ns-support: no such file or directory"}
{"level":"info","ts":1593673907.4799728,"logger":"fallback-logger","caller":"git/git.go:103","msg":"Successfully cloned https://*******:****************************************@github.com/*******/pipelineApp.git @ v0.0.11 in path /workspace/source"}

Showing logs for build [32mhgautam-pipelineapp-feature-pdbx2-1[0m stage [32mrelease[0m and container [32mstep-git-merge[0m
WARNING: no SHAs to merge, falling back to initial cloned commit

Showing logs for build [32mhgautam-pipelineapp-feature-pdbx2-1[0m stage [32mrelease[0m and container [32mstep-promote-staging[0m
dummy step release

Showing logs for build [32mhgautam-pipelineapp-feature-pdbx2-1[0m stage [32mrelease[0m and container [32mstep-staging-validation[0m
/workspace/source
root
total 32
-rw-r--r-- 1 root root  1495 Jul  2 07:11 jenkins-x.yml
-rw-r--r-- 1 root root 11357 Jul  2 07:11 LICENSE
-rw-r--r-- 1 root root    42 Jul  2 07:11 OWNERS
-rw-r--r-- 1 root root    71 Jul  2 07:11 OWNERS_ALIASES
-rwxr-xr-x 1 root root   109 Jul  2 07:11 pipeline.sh
-rw-r--r-- 1 root root    94 Jul  2 07:11 README.md

Showing logs for build [32mhgautam-pipelineapp-feature-pdbx2-1[0m stage [32mrelease[0m and container [32mstep-run-staging[0m
Pipeline run feature 1 started...
pipeline run feature ended...
