
Showing logs for build [32mhgautam-pipelineapp-master-rele-pxgwg-2[0m stage [32mrelease[0m and container [32mstep-credential-initializer-bsf8m[0m
{"level":"info","ts":1593239056.0915427,"logger":"fallback-logger","caller":"logging/config.go:69","msg":"Fetch GitHub commit ID from kodata failed: open /var/run/ko/refs/heads/0.8.0-ns-support: no such file or directory"}
{"level":"info","ts":1593239056.092147,"logger":"fallback-logger","caller":"creds-init/main.go:40","msg":"Credentials initialized."}

Showing logs for build [32mhgautam-pipelineapp-master-rele-pxgwg-2[0m stage [32mrelease[0m and container [32mstep-working-dir-initializer-h8jhb[0m
{"level":"info","ts":1593239057.2763531,"logger":"fallback-logger","caller":"logging/config.go:69","msg":"Fetch GitHub commit ID from kodata failed: open /var/run/ko/HEAD: no such file or directory"}
{"level":"info","ts":1593239057.277992,"logger":"fallback-logger","caller":"bash/main.go:64","msg":"Successfully executed command \"sh -c mkdir -p /workspace/source\"; output "}

Showing logs for build [32mhgautam-pipelineapp-master-rele-pxgwg-2[0m stage [32mrelease[0m and container [32mstep-place-tools[0m

Showing logs for build [32mhgautam-pipelineapp-master-rele-pxgwg-2[0m stage [32mrelease[0m and container [32mstep-git-source-hgautam-pipelineapp-master-rele-pxgwg-g4xnn[0m
{"level":"info","ts":1593239062.3889353,"logger":"fallback-logger","caller":"logging/config.go:69","msg":"Fetch GitHub commit ID from kodata failed: open /var/run/ko/refs/heads/0.8.0-ns-support: no such file or directory"}
{"level":"info","ts":1593239063.0407414,"logger":"fallback-logger","caller":"git/git.go:103","msg":"Successfully cloned https://github.com/*******/pipelineApp.git @ v0.0.3 in path /workspace/source"}

Showing logs for build [32mhgautam-pipelineapp-master-rele-pxgwg-2[0m stage [32mrelease[0m and container [32mstep-git-merge[0m
Using SHAs from PULL_REFS=master:e458a06da4d95fd83950f5f1f18fdead2f514302
WARNING: no SHAs to merge, falling back to initial cloned commit

Showing logs for build [32mhgautam-pipelineapp-master-rele-pxgwg-2[0m stage [32mrelease[0m and container [32mstep-promote-staging[0m
dummy step release

Showing logs for build [32mhgautam-pipelineapp-master-rele-pxgwg-2[0m stage [32mrelease[0m and container [32mstep-staging-validation[0m
/workspace/source
root
total 32
-rw-r--r-- 1 root root  1488 Jun 27 06:24 jenkins-x.yml
-rw-r--r-- 1 root root 11357 Jun 27 06:24 LICENSE
-rw-r--r-- 1 root root    42 Jun 27 06:24 OWNERS
-rw-r--r-- 1 root root    71 Jun 27 06:24 OWNERS_ALIASES
-rwxr-xr-x 1 root root   107 Jun 27 06:24 pipeline.sh
-rw-r--r-- 1 root root    94 Jun 27 06:24 README.md

Showing logs for build [32mhgautam-pipelineapp-master-rele-pxgwg-2[0m stage [32mrelease[0m and container [32mstep-run-staging[0m
Pipeline run feature started...
pipeline run feature ended...
