
Showing logs for build [32mhgautam-pipelineapp-master-rele-pkg76-7[0m stage [32mrelease[0m and container [32mstep-credential-initializer-8bltr[0m
{"level":"info","ts":1593222023.0348978,"logger":"fallback-logger","caller":"logging/config.go:69","msg":"Fetch GitHub commit ID from kodata failed: open /var/run/ko/refs/heads/0.8.0-ns-support: no such file or directory"}
{"level":"info","ts":1593222023.0353742,"logger":"fallback-logger","caller":"creds-init/main.go:40","msg":"Credentials initialized."}

Showing logs for build [32mhgautam-pipelineapp-master-rele-pkg76-7[0m stage [32mrelease[0m and container [32mstep-working-dir-initializer-6nnkt[0m
{"level":"info","ts":1593222024.005151,"logger":"fallback-logger","caller":"logging/config.go:69","msg":"Fetch GitHub commit ID from kodata failed: open /var/run/ko/HEAD: no such file or directory"}
{"level":"info","ts":1593222024.006763,"logger":"fallback-logger","caller":"bash/main.go:64","msg":"Successfully executed command \"sh -c mkdir -p /workspace/source\"; output "}

Showing logs for build [32mhgautam-pipelineapp-master-rele-pkg76-7[0m stage [32mrelease[0m and container [32mstep-place-tools[0m

Showing logs for build [32mhgautam-pipelineapp-master-rele-pkg76-7[0m stage [32mrelease[0m and container [32mstep-git-source-hgautam-pipelineapp-master-rele-pkg76-g7vnd[0m
{"level":"info","ts":1593222030.16971,"logger":"fallback-logger","caller":"logging/config.go:69","msg":"Fetch GitHub commit ID from kodata failed: open /var/run/ko/refs/heads/0.8.0-ns-support: no such file or directory"}
{"level":"info","ts":1593222030.8763034,"logger":"fallback-logger","caller":"git/git.go:103","msg":"Successfully cloned https://github.com/*******/pipelineApp.git @ v0.0.6 in path /workspace/source"}

Showing logs for build [32mhgautam-pipelineapp-master-rele-pkg76-7[0m stage [32mrelease[0m and container [32mstep-git-merge[0m
Using SHAs from PULL_REFS=master:3c94a9fad293ddfcc9893dc921d5d3b74abdf681
WARNING: no SHAs to merge, falling back to initial cloned commit

Showing logs for build [32mhgautam-pipelineapp-master-rele-pkg76-7[0m stage [32mrelease[0m and container [32mstep-promote-release[0m
dummy step release

Showing logs for build [32mhgautam-pipelineapp-master-rele-pkg76-7[0m stage [32mrelease[0m and container [32mstep-run-validation[0m
/workspace/source
root
total 24
-rw-r--r-- 1 root root   877 Jun 27 01:40 jenkins-x.yml
-rw-r--r-- 1 root root 11357 Jun 27 01:40 LICENSE
-rwxr-xr-x 1 root root    90 Jun 27 01:40 pipeline.sh
-rw-r--r-- 1 root root   111 Jun 27 01:40 README.md

Showing logs for build [32mhgautam-pipelineapp-master-rele-pkg76-7[0m stage [32mrelease[0m and container [32mstep-run-pipeline[0m
Pipeline run started...
pipeline run ended...
